<?xml version="1.0" encoding="UTF-8"?>
<!-- Generated by org.testng.reporters.JUnitReportReporter -->
<testsuite hostname="DESKTOP-I6MKJFC" failures="0" tests="3" name="testngPackage.DependOpenWebsite" time="71.308" errors="0" timestamp="2022-08-21T13:43:07 GMT-04:00" skipped="0">
  <testcase classname="testngPackage.DependOpenWebsite" name="openingCNNSite" time="47.807"/>
  <system-out/>
  <testcase classname="testngPackage.DependOpenWebsite" name="openingAmazonSite" time="17.311"/>
  <system-out/>
  <testcase classname="testngPackage.DependOpenWebsite" name="openingYahooSite" time="6.190"/>
  <system-out/>
</testsuite> <!-- testngPackage.DependOpenWebsite -->
