<?xml version="1.0" encoding="UTF-8"?>
<!-- Generated by org.testng.reporters.JUnitReportReporter -->
<testsuite hostname="DESKTOP-I6MKJFC" failures="0" tests="3" name="testngPackage.OpenWebsiteClass" time="47.920" errors="0" timestamp="2022-08-21T14:07:18 GMT-04:00" skipped="0">
  <testcase classname="testngPackage.OpenWebsiteClass" name="openingAmazonSite" time="23.489"/>
  <system-out/>
  <testcase classname="testngPackage.OpenWebsiteClass" name="openingCNBCSite" time="7.689"/>
  <system-out/>
  <testcase classname="testngPackage.OpenWebsiteClass" name="openingYahooSite" time="16.742"/>
  <system-out/>
</testsuite> <!-- testngPackage.OpenWebsiteClass -->
