<?xml version="1.0" encoding="UTF-8"?>
<!-- Generated by org.testng.reporters.JUnitReportReporter -->
<testsuite hostname="DESKTOP-I6MKJFC" failures="0" tests="3" name="testngPackage.DataProviderClass" time="28.855" errors="0" timestamp="2022-08-25T10:34:02 GMT-04:00" skipped="0">
  <testcase classname="testngPackage.DataProviderClass" name="checking" time="6.282"/>
  <system-out/>
  <testcase classname="testngPackage.DataProviderClass" name="checking" time="14.611"/>
  <system-out/>
  <testcase classname="testngPackage.DataProviderClass" name="checking" time="7.962"/>
  <system-out/>
</testsuite> <!-- testngPackage.DataProviderClass -->
