<?xml version="1.0" encoding="UTF-8"?>
<!-- Generated by org.testng.reporters.JUnitReportReporter -->
<testsuite hostname="DESKTOP-I6MKJFC" failures="0" tests="1" name="testngPackage.TestClass" time="95.383" errors="0" timestamp="2022-08-30T09:10:35 GMT-04:00" skipped="0">
  <testcase classname="testngPackage.TestClass" name="OpeningBrowser" time="95.383"/>
  <system-out/>
</testsuite> <!-- testngPackage.TestClass -->
