<?xml version="1.0" encoding="UTF-8"?>
<!-- Generated by org.testng.reporters.JUnitReportReporter -->
<testsuite hostname="DESKTOP-I6MKJFC" failures="0" tests="2" name="testngPackage.TImeOutClass" time="2.028" errors="0" timestamp="2022-08-25T10:51:56 GMT-04:00" skipped="0">
  <testcase classname="testngPackage.TImeOutClass" name="waitFor2Seconds" time="2.015"/>
  <system-out/>
  <testcase classname="testngPackage.TImeOutClass" name="simplePrint" time="0.013"/>
  <system-out/>
</testsuite> <!-- testngPackage.TImeOutClass -->
