<?xml version="1.0" encoding="UTF-8"?>
<!-- Generated by org.testng.reporters.JUnitReportReporter -->
<testsuite hostname="DESKTOP-I6MKJFC" failures="0" tests="1" name="example.NewTest" time="29.252" errors="0" timestamp="2022-08-17T09:39:59 GMT-04:00" skipped="0">
  <testcase classname="example.NewTest" name="testEasy" time="29.252"/>
  <system-out/>
</testsuite> <!-- example.NewTest -->
