<?xml version="1.0" encoding="UTF-8"?>
<!-- Generated by org.testng.reporters.JUnitReportReporter -->
<testsuite hostname="DESKTOP-I6MKJFC" failures="0" tests="4" name="seleniumPackage.LoginPage" time="142.199" errors="0" timestamp="2022-09-15T11:19:05 GMT-04:00" skipped="0">
  <testcase classname="seleniumPackage.LoginPage" name="loginDetails" time="5.193"/>
  <system-out/>
  <testcase classname="seleniumPackage.LoginPage" name="coursesSearch" time="17.643"/>
  <system-out/>
  <testcase classname="seleniumPackage.LoginPage" name="dashboardPage" time="41.677"/>
  <system-out/>
  <testcase classname="seleniumPackage.LoginPage" name="courseOption" time="77.686"/>
  <system-out/>
</testsuite> <!-- seleniumPackage.LoginPage -->
