<?xml version="1.0" encoding="UTF-8"?>
<!-- Generated by org.testng.reporters.JUnitReportReporter -->
<testsuite hostname="DESKTOP-I6MKJFC" failures="0" tests="4" name="seleniumPackage.LoginPage" time="93.779" errors="0" timestamp="2022-09-11T00:34:46 GMT-04:00" skipped="0">
  <testcase classname="seleniumPackage.LoginPage" name="loginDetails" time="5.110"/>
  <system-out/>
  <testcase classname="seleniumPackage.LoginPage" name="coursesSearch" time="17.778"/>
  <system-out/>
  <testcase classname="seleniumPackage.LoginPage" name="dashboardPage" time="13.212"/>
  <system-out/>
  <testcase classname="seleniumPackage.LoginPage" name="courseOption" time="57.679"/>
  <system-out/>
</testsuite> <!-- seleniumPackage.LoginPage -->
