<?xml version="1.0" encoding="UTF-8"?>
<!-- Generated by org.testng.reporters.JUnitReportReporter -->
<testsuite hostname="DESKTOP-I6MKJFC" failures="0" tests="5" name="seleniumPackage.LoginPage" time="29.869" errors="0" timestamp="2022-10-20T16:55:49 GMT-04:00" skipped="0">
  <testcase classname="seleniumPackage.LoginPage" name="loginDetails" time="7.435"/>
  <system-out/>
  <testcase classname="seleniumPackage.LoginPage" name="coursesSearch" time="5.883"/>
  <system-out/>
  <testcase classname="seleniumPackage.LoginPage" name="dashboardPage" time="8.233"/>
  <system-out/>
  <testcase classname="seleniumPackage.LoginPage" name="offeredAcademices" time="6.711"/>
  <system-out/>
  <testcase classname="seleniumPackage.LoginPage" name="payment" time="1.607"/>
  <system-out/>
</testsuite> <!-- seleniumPackage.LoginPage -->
