<?xml version="1.0" encoding="UTF-8"?>
<!-- Generated by org.testng.reporters.JUnitReportReporter -->
<testsuite hostname="DESKTOP-I6MKJFC" failures="0" tests="2" name="testngPackage.AssertClass" time="50.804" errors="0" timestamp="2022-09-20T12:00:46 GMT-04:00" skipped="0">
  <testcase classname="testngPackage.AssertClass" name="performLogin" time="48.673"/>
  <system-out/>
  <testcase classname="testngPackage.AssertClass" name="assertHomePage" time="2.131"/>
  <system-out/>
</testsuite> <!-- testngPackage.AssertClass -->
