<?xml version="1.0" encoding="UTF-8"?>
<!-- Generated by org.testng.reporters.JUnitReportReporter -->
<testsuite hostname="DESKTOP-I6MKJFC" failures="0" tests="1" name="testngPackage.BeforeAfterTest" time="9.475" errors="0" timestamp="2022-09-20T11:29:44 GMT-04:00" skipped="0">
  <testcase classname="testngPackage.BeforeAfterTest" name="performLogin" time="9.475"/>
  <system-out/>
</testsuite> <!-- testngPackage.BeforeAfterTest -->
