<?xml version="1.0" encoding="UTF-8"?>
<!-- Generated by org.testng.reporters.JUnitReportReporter -->
<testsuite hostname="DESKTOP-I6MKJFC" failures="0" tests="2" name="testngPackage.TimeOutClass" time="2.044" errors="0" timestamp="2022-09-20T12:13:24 GMT-04:00" skipped="0">
  <testcase classname="testngPackage.TimeOutClass" name="waitFor2Seconds" time="2.017"/>
  <system-out/>
  <testcase classname="testngPackage.TimeOutClass" name="simplePrint" time="0.027"/>
  <system-out/>
</testsuite> <!-- testngPackage.TimeOutClass -->
