<?xml version="1.0" encoding="UTF-8"?>
<!-- Generated by org.testng.reporters.JUnitReportReporter -->
<testsuite hostname="DESKTOP-I6MKJFC" failures="0" tests="3" name="testngPackage.DataProviderClass" time="53.706" errors="0" timestamp="2022-09-20T12:02:05 GMT-04:00" skipped="0">
  <testcase classname="testngPackage.DataProviderClass" name="checking" time="7.648"/>
  <system-out/>
  <testcase classname="testngPackage.DataProviderClass" name="checking" time="37.327"/>
  <system-out/>
  <testcase classname="testngPackage.DataProviderClass" name="checking" time="8.731"/>
  <system-out/>
</testsuite> <!-- testngPackage.DataProviderClass -->
